{"_e":"root:init","_t":1781360844726,"format":"v0-jsonl","version":"56.1.11"}
{"_e":"env:mode","_t":1781360844728,"nodeEnv":"development","babelEnv":"development","mode":"development"}
{"_e":"env:load","_t":1781360844732,"mode":"development","files":[],"env":{}}
{"_e":"devserver:start","_t":1781360845310,"mode":"development","web":true,"baseUrl":"","asyncRoutes":false,"routerRoot":"../..\\..\\app","serverComponents":false,"serverActions":false,"serverRendering":true,"apiRoutes":false,"exporting":false}
{"_e":"metro:config","_t":1781360845937,"serverRoot":"../..\\..","projectRoot":"../..\\..","exporting":false,"flags":{"autolinkingModuleResolution":false,"serverActions":false,"serverComponents":false,"reactCompiler":false,"optimizeGraph":false,"treeshaking":false,"logbox":false}}
{"_e":"metro:instantiate","_t":1781360854314,"atlas":false,"workers":8,"host":"::","port":8081}
{"_e":"metro:bundling:started","_t":1781360863029,"id":"2","platform":"web","environment":null,"entry":"node_modules\\expo-router\\entry.js"}
{"_e":"metro:bundling:progress","_t":1781360863030,"id":"2","progress":0,"total":1,"current":0}
{"_e":"metro:bundling:started","_t":1781360863030,"id":"3","platform":"web","environment":"node","entry":"node_modules\\expo\\node_modules\\@expo\\cli\\node_modules\\@expo\\router-server\\node\\render.js"}
{"_e":"metro:bundling:progress","_t":1781360863030,"id":"2","progress":0,"total":1,"current":0}
{"_e":"metro:bundling:progress","_t":1781360863031,"id":"3","progress":0,"total":1,"current":0}
{"_e":"metro:bundling:progress","_t":1781360863039,"id":"2","progress":0,"total":1,"current":0}
{"_e":"metro:bundling:progress","_t":1781360863039,"id":"3","progress":0,"total":1,"current":0}
{"_e":"metro:bundling:progress","_t":1781360863144,"id":"2","progress":0,"total":1,"current":0}
{"_e":"metro:bundling:progress","_t":1781360863144,"id":"3","progress":0,"total":1,"current":0}
{"_e":"metro:bundling:progress","_t":1781360863757,"id":"2","progress":0.010000000000000002,"total":1,"current":1}
{"_e":"metro:bundling:progress","_t":1781360863757,"id":"3","progress":0,"total":1,"current":0}
{"_e":"metro:bundling:progress","_t":1781360863857,"id":"2","progress":0.010000000000000002,"total":1,"current":1}
{"_e":"metro:bundling:progress","_t":1781360863857,"id":"3","progress":0.010000000000000002,"total":2,"current":1}
{"_e":"metro:bundling:progress","_t":1781360863935,"id":"2","progress":0.04000000000000001,"total":2,"current":2}
{"_e":"metro:bundling:progress","_t":1781360863935,"id":"3","progress":0.010000000000000002,"total":2,"current":1}
{"_e":"metro:bundling:progress","_t":1781360864035,"id":"2","progress":0.04000000000000001,"total":2,"current":2}
{"_e":"metro:bundling:progress","_t":1781360864035,"id":"3","progress":0.03515625,"total":16,"current":3}
{"_e":"metro:bundling:progress","_t":1781360864135,"id":"2","progress":0.04000000000000001,"total":2,"current":2}
{"_e":"metro:bundling:progress","_t":1781360864135,"id":"3","progress":0.09972299168975068,"total":38,"current":12}
{"_e":"metro:bundling:progress","_t":1781360864239,"id":"2","progress":0.04000000000000001,"total":2,"current":2}
{"_e":"metro:bundling:progress","_t":1781360864239,"id":"3","progress":0.15035401915868388,"total":49,"current":19}
{"_e":"metro:bundling:progress","_t":1781360864348,"id":"2","progress":0.04000000000000001,"total":2,"current":2}
{"_e":"metro:bundling:progress","_t":1781360864348,"id":"3","progress":0.15035401915868388,"total":74,"current":24}
{"_e":"metro:bundling:progress","_t":1781360864476,"id":"2","progress":0.04000000000000001,"total":2,"current":2}
{"_e":"metro:bundling:progress","_t":1781360864476,"id":"3","progress":0.15035401915868388,"total":101,"current":28}
{"_e":"metro:bundling:progress","_t":1781360864585,"id":"2","progress":0.04000000000000001,"total":2,"current":2}
{"_e":"metro:bundling:progress","_t":1781360864586,"id":"3","progress":0.15035401915868388,"total":114,"current":31}
{"_e":"metro:bundling:progress","_t":1781360865089,"id":"2","progress":0.25,"total":10,"current":5}
{"_e":"metro:bundling:progress","_t":1781360865089,"id":"3","progress":0.15035401915868388,"total":114,"current":31}
{"_e":"metro:bundling:progress","_t":1781360865195,"id":"2","progress":0.25,"total":16,"current":6}
{"_e":"metro:bundling:progress","_t":1781360865196,"id":"3","progress":0.15035401915868388,"total":114,"current":31}
{"_e":"metro:bundling:progress","_t":1781360865298,"id":"2","progress":0.25,"total":16,"current":6}
{"_e":"metro:bundling:progress","_t":1781360865298,"id":"3","progress":0.15035401915868388,"total":147,"current":37}
{"_e":"metro:bundling:progress","_t":1781360865413,"id":"2","progress":0.25,"total":16,"current":6}
{"_e":"metro:bundling:progress","_t":1781360865413,"id":"3","progress":0.15035401915868388,"total":149,"current":41}
{"_e":"metro:bundling:progress","_t":1781360865549,"id":"2","progress":0.25,"total":16,"current":6}
{"_e":"metro:bundling:progress","_t":1781360865550,"id":"3","progress":0.15035401915868388,"total":150,"current":43}
{"_e":"metro:bundling:progress","_t":1781360865655,"id":"2","progress":0.25,"total":16,"current":6}
{"_e":"metro:bundling:progress","_t":1781360865656,"id":"3","progress":0.15035401915868388,"total":151,"current":46}
{"_e":"metro:bundling:progress","_t":1781360865791,"id":"2","progress":0.25,"total":16,"current":6}
{"_e":"metro:bundling:progress","_t":1781360865791,"id":"3","progress":0.15035401915868388,"total":152,"current":47}
{"_e":"metro:bundling:progress","_t":1781360865922,"id":"2","progress":0.25,"total":16,"current":6}
{"_e":"metro:bundling:progress","_t":1781360865923,"id":"3","progress":0.15035401915868388,"total":156,"current":50}
{"_e":"metro:bundling:progress","_t":1781360865998,"id":"2","progress":0.25,"total":16,"current":6}
{"_e":"metro:bundling:progress","_t":1781360865998,"id":"3","progress":0.15035401915868388,"total":156,"current":51}
{"_e":"metro:bundling:progress","_t":1781360866259,"id":"2","progress":0.25,"total":16,"current":6}
{"_e":"metro:bundling:progress","_t":1781360866259,"id":"3","progress":0.15035401915868388,"total":161,"current":55}
{"_e":"metro:bundling:progress","_t":1781360866432,"id":"2","progress":0.25,"total":16,"current":6}
{"_e":"metro:bundling:progress","_t":1781360866432,"id":"3","progress":0.15035401915868388,"total":162,"current":58}
{"_e":"metro:bundling:progress","_t":1781360866535,"id":"2","progress":0.25,"total":16,"current":6}
{"_e":"metro:bundling:progress","_t":1781360866535,"id":"3","progress":0.15904903628117917,"total":168,"current":67}
{"_e":"metro:bundling:progress","_t":1781360866637,"id":"2","progress":0.25,"total":16,"current":6}
{"_e":"metro:bundling:progress","_t":1781360866637,"id":"3","progress":0.1752298539751217,"total":172,"current":72}
{"_e":"metro:bundling:progress","_t":1781360866737,"id":"2","progress":0.25,"total":16,"current":6}
{"_e":"metro:bundling:progress","_t":1781360866738,"id":"3","progress":0.1802690303049218,"total":179,"current":76}
{"_e":"metro:bundling:progress","_t":1781360866848,"id":"2","progress":0.25,"total":16,"current":6}
{"_e":"metro:bundling:progress","_t":1781360866848,"id":"3","progress":0.1877777777777778,"total":180,"current":78}
{"_e":"metro:bundling:progress","_t":1781360866965,"id":"2","progress":0.25,"total":16,"current":6}
{"_e":"metro:bundling:progress","_t":1781360866965,"id":"3","progress":0.1877777777777778,"total":195,"current":82}
{"_e":"metro:bundling:progress","_t":1781360867075,"id":"2","progress":0.25,"total":16,"current":6}
{"_e":"metro:bundling:progress","_t":1781360867075,"id":"3","progress":0.1877777777777778,"total":215,"current":88}
{"_e":"metro:bundling:progress","_t":1781360867174,"id":"2","progress":0.25,"total":16,"current":6}
{"_e":"metro:bundling:progress","_t":1781360867175,"id":"3","progress":0.1877777777777778,"total":229,"current":92}
{"_e":"metro:bundling:progress","_t":1781360867288,"id":"2","progress":0.25,"total":16,"current":6}
{"_e":"metro:bundling:progress","_t":1781360867288,"id":"3","progress":0.1877777777777778,"total":240,"current":97}
{"_e":"metro:bundling:progress","_t":1781360867411,"id":"2","progress":0.25,"total":16,"current":6}
{"_e":"metro:bundling:progress","_t":1781360867411,"id":"3","progress":0.19872260124836696,"total":249,"current":111}
{"_e":"metro:bundling:progress","_t":1781360867538,"id":"2","progress":0.25,"total":45,"current":16}
{"_e":"metro:bundling:progress","_t":1781360867538,"id":"3","progress":0.19872260124836696,"total":249,"current":111}
{"_e":"metro:bundling:progress","_t":1781360867644,"id":"2","progress":0.25,"total":45,"current":16}
{"_e":"metro:bundling:progress","_t":1781360867644,"id":"3","progress":0.19872260124836696,"total":313,"current":120}
{"_e":"metro:bundling:progress","_t":1781360867756,"id":"2","progress":0.25,"total":45,"current":16}
{"_e":"metro:bundling:progress","_t":1781360867756,"id":"3","progress":0.19872260124836696,"total":314,"current":127}
{"_e":"metro:bundling:progress","_t":1781360867867,"id":"2","progress":0.25,"total":45,"current":16}
{"_e":"metro:bundling:progress","_t":1781360867867,"id":"3","progress":0.19872260124836696,"total":315,"current":129}
{"_e":"metro:bundling:progress","_t":1781360867968,"id":"2","progress":0.25,"total":51,"current":17}
{"_e":"metro:bundling:progress","_t":1781360867968,"id":"3","progress":0.19872260124836696,"total":315,"current":129}
{"_e":"metro:bundling:progress","_t":1781360868071,"id":"2","progress":0.25,"total":51,"current":17}
{"_e":"metro:bundling:progress","_t":1781360868071,"id":"3","progress":0.19872260124836696,"total":338,"current":148}
{"_e":"metro:bundling:progress","_t":1781360868171,"id":"2","progress":0.25,"total":51,"current":17}
{"_e":"metro:bundling:progress","_t":1781360868171,"id":"3","progress":0.23006523796646838,"total":344,"current":165}
{"_e":"metro:bundling:progress","_t":1781360868277,"id":"2","progress":0.25,"total":51,"current":17}
{"_e":"metro:bundling:progress","_t":1781360868277,"id":"3","progress":0.2527854938271605,"total":360,"current":181}
{"_e":"metro:bundling:progress","_t":1781360868379,"id":"2","progress":0.25,"total":51,"current":17}
{"_e":"metro:bundling:progress","_t":1781360868379,"id":"3","progress":0.2864904662244613,"total":383,"current":205}
{"_e":"metro:bundling:progress","_t":1781360868480,"id":"2","progress":0.25,"total":51,"current":17}
{"_e":"metro:bundling:progress","_t":1781360868480,"id":"3","progress":0.32175800001195587,"total":409,"current":232}
{"_e":"metro:bundling:progress","_t":1781360868580,"id":"2","progress":0.25,"total":136,"current":34}
{"_e":"metro:bundling:progress","_t":1781360868580,"id":"3","progress":0.32175800001195587,"total":409,"current":232}
{"_e":"metro:bundling:progress","_t":1781360868680,"id":"2","progress":0.25,"total":136,"current":34}
{"_e":"metro:bundling:progress","_t":1781360868680,"id":"3","progress":0.32965114191324335,"total":472,"current":271}
{"_e":"metro:bundling:progress","_t":1781360868782,"id":"2","progress":0.25,"total":136,"current":34}
{"_e":"metro:bundling:progress","_t":1781360868782,"id":"3","progress":0.3442093197190426,"total":496,"current":291}
{"_e":"metro:bundling:progress","_t":1781360868884,"id":"2","progress":0.25,"total":185,"current":40}
{"_e":"metro:bundling:progress","_t":1781360868884,"id":"3","progress":0.3442093197190426,"total":496,"current":291}
{"_e":"metro:bundling:progress","_t":1781360868986,"id":"2","progress":0.25,"total":185,"current":40}
{"_e":"metro:bundling:progress","_t":1781360868986,"id":"3","progress":0.37111903818205844,"total":522,"current":318}
{"_e":"metro:bundling:progress","_t":1781360869086,"id":"2","progress":0.25,"total":247,"current":67}
{"_e":"metro:bundling:progress","_t":1781360869086,"id":"3","progress":0.37111903818205844,"total":522,"current":318}
{"_e":"metro:bundling:progress","_t":1781360869189,"id":"2","progress":0.25,"total":277,"current":96}
{"_e":"metro:bundling:progress","_t":1781360869189,"id":"3","progress":0.37111903818205844,"total":522,"current":318}
{"_e":"metro:bundling:progress","_t":1781360869290,"id":"2","progress":0.25,"total":277,"current":96}
{"_e":"metro:bundling:progress","_t":1781360869291,"id":"3","progress":0.3746085451534077,"total":531,"current":325}
{"_e":"metro:bundling:progress","_t":1781360869390,"id":"2","progress":0.25,"total":296,"current":116}
{"_e":"metro:bundling:progress","_t":1781360869390,"id":"3","progress":0.3746085451534077,"total":531,"current":325}
{"_e":"metro:bundling:progress","_t":1781360869491,"id":"2","progress":0.25,"total":296,"current":116}
{"_e":"metro:bundling:progress","_t":1781360869491,"id":"3","progress":0.4302231471846456,"total":558,"current":366}
{"_e":"metro:bundling:progress","_t":1781360869591,"id":"2","progress":0.25,"total":296,"current":116}
{"_e":"metro:bundling:progress","_t":1781360869591,"id":"3","progress":0.46738489194189536,"total":569,"current":389}
{"_e":"metro:bundling:progress","_t":1781360869696,"id":"2","progress":0.25,"total":296,"current":116}
{"_e":"metro:bundling:progress","_t":1781360869697,"id":"3","progress":0.4709275483086348,"total":596,"current":409}
{"_e":"metro:bundling:progress","_t":1781360869801,"id":"2","progress":0.25,"total":296,"current":116}
{"_e":"metro:bundling:progress","_t":1781360869801,"id":"3","progress":0.4811906832086033,"total":617,"current":428}
{"_e":"metro:bundling:progress","_t":1781360869902,"id":"2","progress":0.25,"total":296,"current":116}
{"_e":"metro:bundling:progress","_t":1781360869902,"id":"3","progress":0.49245921822099104,"total":627,"current":440}
{"_e":"metro:bundling:progress","_t":1781360870005,"id":"2","progress":0.25,"total":296,"current":116}
{"_e":"metro:bundling:progress","_t":1781360870005,"id":"3","progress":0.4927996866453831,"total":651,"current":457}
{"_e":"metro:bundling:progress","_t":1781360870106,"id":"2","progress":0.25,"total":336,"current":137}
{"_e":"metro:bundling:progress","_t":1781360870106,"id":"3","progress":0.4927996866453831,"total":651,"current":457}
{"_e":"metro:bundling:progress","_t":1781360870212,"id":"2","progress":0.25,"total":337,"current":141}
{"_e":"metro:bundling:progress","_t":1781360870212,"id":"3","progress":0.4927996866453831,"total":651,"current":457}
{"_e":"metro:bundling:progress","_t":1781360870323,"id":"2","progress":0.25,"total":337,"current":148}
{"_e":"metro:bundling:progress","_t":1781360870324,"id":"3","progress":0.4927996866453831,"total":651,"current":457}
{"_e":"metro:bundling:progress","_t":1781360870426,"id":"2","progress":0.25,"total":339,"current":155}
{"_e":"metro:bundling:progress","_t":1781360870426,"id":"3","progress":0.4927996866453831,"total":651,"current":457}
{"_e":"metro:bundling:progress","_t":1781360870527,"id":"2","progress":0.25,"total":339,"current":155}
{"_e":"metro:bundling:progress","_t":1781360870527,"id":"3","progress":0.5187429138321995,"total":672,"current":484}
{"_e":"metro:bundling:progress","_t":1781360870628,"id":"2","progress":0.25,"total":339,"current":164}
{"_e":"metro:bundling:progress","_t":1781360870628,"id":"3","progress":0.5187429138321995,"total":672,"current":484}
{"_e":"metro:bundling:progress","_t":1781360870728,"id":"2","progress":0.279762311317533,"total":363,"current":192}
{"_e":"metro:bundling:progress","_t":1781360870728,"id":"3","progress":0.5187429138321995,"total":672,"current":484}
{"_e":"metro:bundling:progress","_t":1781360870828,"id":"2","progress":0.279762311317533,"total":414,"current":208}
{"_e":"metro:bundling:progress","_t":1781360870828,"id":"3","progress":0.5187429138321995,"total":672,"current":484}
{"_e":"metro:bundling:progress","_t":1781360870932,"id":"2","progress":0.30697589481373266,"total":444,"current":246}
{"_e":"metro:bundling:progress","_t":1781360870932,"id":"3","progress":0.5187429138321995,"total":672,"current":484}
{"_e":"metro:bundling:progress","_t":1781360871031,"id":"2","progress":0.35534988734378564,"total":463,"current":276}
{"_e":"metro:bundling:progress","_t":1781360871031,"id":"3","progress":0.5187429138321995,"total":672,"current":484}
{"_e":"metro:bundling:progress","_t":1781360871131,"id":"2","progress":0.35534988734378564,"total":463,"current":276}
{"_e":"metro:bundling:progress","_t":1781360871131,"id":"3","progress":0.5842704806941414,"total":713,"current":545}
{"_e":"metro:bundling:progress","_t":1781360871233,"id":"2","progress":0.35534988734378564,"total":463,"current":276}
{"_e":"metro:bundling:progress","_t":1781360871233,"id":"3","progress":0.5874348002342237,"total":745,"current":571}
{"_e":"metro:bundling:progress","_t":1781360871334,"id":"2","progress":0.35534988734378564,"total":463,"current":276}
{"_e":"metro:bundling:progress","_t":1781360871334,"id":"3","progress":0.61645406637632,"total":754,"current":592}
{"_e":"metro:bundling:progress","_t":1781360871433,"id":"2","progress":0.35534988734378564,"total":463,"current":276}
{"_e":"metro:bundling:progress","_t":1781360871433,"id":"3","progress":0.61645406637632,"total":788,"current":618}
{"_e":"metro:bundling:progress","_t":1781360871533,"id":"2","progress":0.35534988734378564,"total":463,"current":276}
{"_e":"metro:bundling:progress","_t":1781360871533,"id":"3","progress":0.6275672709045804,"total":794,"current":629}
{"_e":"metro:bundling:progress","_t":1781360871635,"id":"2","progress":0.4102855638707413,"total":523,"current":335}
{"_e":"metro:bundling:progress","_t":1781360871635,"id":"3","progress":0.6275672709045804,"total":794,"current":629}
{"_e":"metro:bundling:progress","_t":1781360871735,"id":"2","progress":0.4130917199409665,"total":529,"current":340}
{"_e":"metro:bundling:progress","_t":1781360871736,"id":"3","progress":0.6275672709045804,"total":794,"current":629}
{"_e":"metro:bundling:progress","_t":1781360871835,"id":"2","progress":0.4130917199409665,"total":529,"current":340}
{"_e":"metro:bundling:progress","_t":1781360871835,"id":"3","progress":0.6692468976613988,"total":852,"current":697}
{"_e":"metro:bundling:progress","_t":1781360871935,"id":"2","progress":0.4872191465914999,"total":553,"current":386}
{"_e":"metro:bundling:progress","_t":1781360871936,"id":"3","progress":0.6692468976613988,"total":852,"current":697}
{"_e":"metro:bundling:progress","_t":1781360872035,"id":"2","progress":0.4994101015331476,"total":583,"current":412}
{"_e":"metro:bundling:progress","_t":1781360872035,"id":"3","progress":0.6692468976613988,"total":852,"current":697}
{"_e":"metro:bundling:progress","_t":1781360872136,"id":"2","progress":0.5115410062653856,"total":611,"current":437}
{"_e":"metro:bundling:progress","_t":1781360872136,"id":"3","progress":0.6692468976613988,"total":852,"current":697}
{"_e":"metro:bundling:progress","_t":1781360872236,"id":"2","progress":0.5115410062653856,"total":611,"current":437}
{"_e":"metro:bundling:progress","_t":1781360872236,"id":"3","progress":0.6950951302316143,"total":854,"current":712}
{"_e":"metro:bundling:progress","_t":1781360872336,"id":"2","progress":0.5115410062653856,"total":611,"current":437}
{"_e":"metro:bundling:progress","_t":1781360872336,"id":"3","progress":0.7222031736824773,"total":859,"current":730}
{"_e":"metro:bundling:progress","_t":1781360872443,"id":"2","progress":0.5115410062653856,"total":611,"current":437}
{"_e":"metro:bundling:progress","_t":1781360872443,"id":"3","progress":0.7395203725137175,"total":864,"current":743}
{"_e":"metro:bundling:progress","_t":1781360872544,"id":"2","progress":0.5115410062653856,"total":611,"current":437}
{"_e":"metro:bundling:progress","_t":1781360872544,"id":"3","progress":0.778785916031345,"total":868,"current":766}
{"_e":"metro:bundling:progress","_t":1781360872644,"id":"2","progress":0.5115410062653856,"total":611,"current":437}
{"_e":"metro:bundling:progress","_t":1781360872644,"id":"3","progress":0.8268258636166513,"total":871,"current":792}
{"_e":"metro:bundling:progress","_t":1781360872744,"id":"2","progress":0.6191075166321086,"total":638,"current":502}
{"_e":"metro:bundling:progress","_t":1781360872744,"id":"3","progress":0.8268258636166513,"total":871,"current":792}
{"_e":"metro:bundling:progress","_t":1781360872845,"id":"2","progress":0.6191075166321086,"total":638,"current":502}
{"_e":"metro:bundling:progress","_t":1781360872845,"id":"3","progress":0.8595701200506746,"total":892,"current":827}
{"_e":"metro:bundling:progress","_t":1781360872946,"id":"2","progress":0.6365742749332214,"total":653,"current":521}
{"_e":"metro:bundling:progress","_t":1781360872946,"id":"3","progress":0.8595701200506746,"total":892,"current":827}
{"_e":"metro:bundling:progress","_t":1781360873046,"id":"2","progress":0.6739438289955121,"total":659,"current":541}
{"_e":"metro:bundling:progress","_t":1781360873046,"id":"3","progress":0.8595701200506746,"total":892,"current":827}
{"_e":"metro:bundling:progress","_t":1781360873146,"id":"2","progress":0.7136466919135664,"total":670,"current":566}
{"_e":"metro:bundling:progress","_t":1781360873146,"id":"3","progress":0.8595701200506746,"total":892,"current":827}
{"_e":"metro:bundling:progress","_t":1781360873246,"id":"2","progress":0.7443784964569237,"total":685,"current":591}
{"_e":"metro:bundling:progress","_t":1781360873247,"id":"3","progress":0.8595701200506746,"total":892,"current":827}
{"_e":"metro:bundling:progress","_t":1781360873348,"id":"2","progress":0.7589914572517023,"total":691,"current":602}
{"_e":"metro:bundling:progress","_t":1781360873348,"id":"3","progress":0.8595701200506746,"total":892,"current":827}
{"_e":"metro:bundling:progress","_t":1781360873448,"id":"2","progress":0.7589914572517023,"total":691,"current":602}
{"_e":"metro:bundling:progress","_t":1781360873448,"id":"3","progress":0.928293958772949,"total":931,"current":897}
{"_e":"metro:bundling:progress","_t":1781360873548,"id":"2","progress":0.8038925759776582,"total":706,"current":633}
{"_e":"metro:bundling:progress","_t":1781360873548,"id":"3","progress":0.928293958772949,"total":931,"current":897}
{"_e":"metro:bundling:progress","_t":1781360873649,"id":"2","progress":0.8038925759776582,"total":706,"current":633}
{"_e":"metro:bundling:progress","_t":1781360873649,"id":"3","progress":0.928293958772949,"total":966,"current":914}
{"_e":"metro:bundling:progress","_t":1781360873750,"id":"2","progress":0.8038925759776582,"total":706,"current":633}
{"_e":"metro:bundling:progress","_t":1781360873750,"id":"3","progress":0.928293958772949,"total":986,"current":936}
{"_e":"metro:bundling:progress","_t":1781360873889,"id":"2","progress":0.8038925759776582,"total":706,"current":633}
{"_e":"metro:bundling:progress","_t":1781360873889,"id":"3","progress":0.928293958772949,"total":996,"current":944}
{"_e":"metro:bundling:progress","_t":1781360873989,"id":"2","progress":0.8133017872317096,"total":764,"current":689}
{"_e":"metro:bundling:progress","_t":1781360873989,"id":"3","progress":0.928293958772949,"total":996,"current":944}
{"_e":"metro:bundling:progress","_t":1781360874091,"id":"2","progress":0.8133017872317096,"total":764,"current":689}
{"_e":"metro:bundling:progress","_t":1781360874091,"id":"3","progress":0.9609412991297379,"total":1014,"current":994}
{"_e":"metro:bundling:progress","_t":1781360874191,"id":"2","progress":0.8709543871225628,"total":794,"current":741}
{"_e":"metro:bundling:progress","_t":1781360874191,"id":"3","progress":0.9609412991297379,"total":1014,"current":994}
{"_e":"metro:bundling:progress","_t":1781360874291,"id":"2","progress":0.8709543871225628,"total":834,"current":761}
{"_e":"metro:bundling:progress","_t":1781360874291,"id":"3","progress":0.9609412991297379,"total":1014,"current":994}
{"_e":"metro:bundling:progress","_t":1781360874396,"id":"2","progress":0.8709543871225628,"total":834,"current":761}
{"_e":"metro:bundling:progress","_t":1781360874396,"id":"3","progress":0.9609412991297379,"total":1039,"current":1017}
{"_e":"metro:bundling:progress","_t":1781360874496,"id":"2","progress":0.8709543871225628,"total":834,"current":761}
{"_e":"metro:bundling:progress","_t":1781360874496,"id":"3","progress":0.9609412991297379,"total":1072,"current":1033}
{"_e":"metro:bundling:progress","_t":1781360874596,"id":"2","progress":0.9078646805118379,"total":869,"current":828}
{"_e":"metro:bundling:progress","_t":1781360874596,"id":"3","progress":0.9609412991297379,"total":1072,"current":1033}
{"_e":"metro:bundling:progress","_t":1781360874702,"id":"2","progress":0.9078646805118379,"total":869,"current":828}
{"_e":"metro:bundling:progress","_t":1781360874703,"id":"3","progress":0.9762022255459574,"total":1086,"current":1073}
{"_e":"metro:bundling:progress","_t":1781360874802,"id":"2","progress":0.9078646805118379,"total":869,"current":828}
{"_e":"metro:bundling:progress","_t":1781360874802,"id":"3","progress":0.9890311615492476,"total":1091,"current":1085}
{"_e":"metro:bundling:progress","_t":1781360874902,"id":"2","progress":0.9272221075122092,"total":944,"current":909}
{"_e":"metro:bundling:progress","_t":1781360874902,"id":"3","progress":0.9890311615492476,"total":1091,"current":1085}
{"_e":"metro:bundling:progress","_t":1781360875010,"id":"2","progress":0.9545514599022329,"total":957,"current":935}
{"_e":"metro:bundling:progress","_t":1781360875010,"id":"3","progress":0.9890311615492476,"total":1091,"current":1085}
{"_e":"metro:bundling:done","_t":1781360875085,"id":"3","total":1091,"ms":12054.5134}
{"_e":"metro:bundling:progress","_t":1781360875085,"id":"2","progress":0.9545514599022329,"total":957,"current":935}
{"_e":"metro:bundling:progress","_t":1781360875141,"id":"2","progress":0.973044268461173,"total":958,"current":945}
{"_e":"metro:bundling:progress","_t":1781360875620,"id":"2","progress":0.9751047110150322,"total":958,"current":946}
{"_e":"metro:bundling:progress","_t":1781360875719,"id":"2","progress":0.9916926631879515,"total":961,"current":957}
{"_e":"metro:bundling:progress","_t":1781360875820,"id":"2","progress":0.999,"total":961,"current":961}
{"_e":"metro:bundling:done","_t":1781360875974,"id":"2","total":961,"ms":12945.228}
{"_e":"metro:bundling:started","_t":1781360876043,"id":"4","platform":"web","environment":null,"entry":"node_modules\\expo-router\\entry.js"}
{"_e":"metro:bundling:progress","_t":1781360876043,"id":"4","progress":0,"total":1,"current":0}
{"_e":"metro:bundling:progress","_t":1781360876048,"id":"4","progress":0,"total":1,"current":0}
{"_e":"metro:bundling:progress","_t":1781360876269,"id":"4","progress":0.010000000000000002,"total":1,"current":1}
{"_e":"metro:bundling:progress","_t":1781360876368,"id":"4","progress":0.09,"total":10,"current":3}
{"_e":"metro:bundling:progress","_t":1781360876493,"id":"4","progress":0.16000000000000003,"total":10,"current":4}
{"_e":"metro:bundling:progress","_t":1781360876520,"id":"4","progress":0.25,"total":10,"current":5}
{"_e":"metro:bundling:progress","_t":1781360876619,"id":"4","progress":0.25,"total":23,"current":11}
{"_e":"metro:bundling:progress","_t":1781360876730,"id":"4","progress":0.25,"total":31,"current":15}
{"_e":"metro:bundling:progress","_t":1781360876863,"id":"4","progress":0.2822265625,"total":32,"current":17}
{"_e":"metro:bundling:progress","_t":1781360876963,"id":"4","progress":0.2822265625,"total":96,"current":21}
{"_e":"metro:bundling:progress","_t":1781360877064,"id":"4","progress":0.2822265625,"total":122,"current":31}
{"_e":"metro:bundling:progress","_t":1781360877170,"id":"4","progress":0.2822265625,"total":130,"current":39}
{"_e":"metro:bundling:progress","_t":1781360877287,"id":"4","progress":0.2822265625,"total":131,"current":43}
{"_e":"metro:bundling:progress","_t":1781360877391,"id":"4","progress":0.2822265625,"total":136,"current":48}
{"_e":"metro:bundling:progress","_t":1781360877490,"id":"4","progress":0.2822265625,"total":149,"current":56}
{"_e":"metro:bundling:progress","_t":1781360877591,"id":"4","progress":0.2822265625,"total":185,"current":70}
{"_e":"metro:bundling:progress","_t":1781360877691,"id":"4","progress":0.2822265625,"total":226,"current":82}
{"_e":"metro:bundling:progress","_t":1781360877791,"id":"4","progress":0.2822265625,"total":263,"current":97}
{"_e":"metro:bundling:progress","_t":1781360877893,"id":"4","progress":0.2822265625,"total":298,"current":116}
{"_e":"metro:bundling:progress","_t":1781360877998,"id":"4","progress":0.2822265625,"total":310,"current":134}
{"_e":"metro:bundling:progress","_t":1781360878100,"id":"4","progress":0.2822265625,"total":319,"current":155}
{"_e":"metro:bundling:progress","_t":1781360878214,"id":"4","progress":0.2822265625,"total":332,"current":171}
{"_e":"metro:bundling:progress","_t":1781360878324,"id":"4","progress":0.2822265625,"total":337,"current":178}
{"_e":"metro:bundling:progress","_t":1781360878427,"id":"4","progress":0.29578331794398277,"total":342,"current":186}
{"_e":"metro:bundling:progress","_t":1781360878534,"id":"4","progress":0.3050635478637101,"total":344,"current":190}
{"_e":"metro:bundling:progress","_t":1781360878635,"id":"4","progress":0.3125679974088316,"total":347,"current":194}
{"_e":"metro:bundling:progress","_t":1781360878738,"id":"4","progress":0.32559027979636074,"total":347,"current":198}
{"_e":"metro:bundling:progress","_t":1781360878838,"id":"4","progress":0.3302946228035407,"total":348,"current":200}
{"_e":"metro:bundling:progress","_t":1781360878951,"id":"4","progress":0.34363852556480373,"total":348,"current":204}
{"_e":"metro:bundling:progress","_t":1781360879051,"id":"4","progress":0.3525390625,"total":352,"current":209}
{"_e":"metro:bundling:progress","_t":1781360879152,"id":"4","progress":0.3661625129132231,"total":352,"current":213}
{"_e":"metro:bundling:progress","_t":1781360879256,"id":"4","progress":0.3661625129132231,"total":392,"current":218}
{"_e":"metro:bundling:progress","_t":1781360879356,"id":"4","progress":0.3661625129132231,"total":407,"current":230}
{"_e":"metro:bundling:progress","_t":1781360879457,"id":"4","progress":0.3661625129132231,"total":414,"current":244}
{"_e":"metro:bundling:progress","_t":1781360879563,"id":"4","progress":0.36810264019000627,"total":417,"current":253}
{"_e":"metro:bundling:progress","_t":1781360879665,"id":"4","progress":0.36810264019000627,"total":445,"current":266}
{"_e":"metro:bundling:progress","_t":1781360879773,"id":"4","progress":0.36810264019000627,"total":463,"current":274}
{"_e":"metro:bundling:progress","_t":1781360879873,"id":"4","progress":0.36810264019000627,"total":468,"current":281}
{"_e":"metro:bundling:progress","_t":1781360879974,"id":"4","progress":0.3689809439245953,"total":484,"current":294}
{"_e":"metro:bundling:progress","_t":1781360880078,"id":"4","progress":0.3689809439245953,"total":503,"current":305}
{"_e":"metro:bundling:progress","_t":1781360880180,"id":"4","progress":0.4031633518710529,"total":515,"current":327}
{"_e":"metro:bundling:progress","_t":1781360880283,"id":"4","progress":0.4444444444444444,"total":522,"current":348}
{"_e":"metro:bundling:progress","_t":1781360880384,"id":"4","progress":0.4535103007856647,"total":542,"current":365}
{"_e":"metro:bundling:progress","_t":1781360880485,"id":"4","progress":0.4723438016528925,"total":550,"current":378}
{"_e":"metro:bundling:progress","_t":1781360880584,"id":"4","progress":0.4723438016528925,"total":575,"current":390}
{"_e":"metro:bundling:started","_t":1781360880669,"id":"6","platform":"web","environment":null,"entry":"node_modules\\expo-router\\entry.js"}
{"_e":"metro:bundling:progress","_t":1781360880670,"id":"4","progress":0.4723438016528925,"total":575,"current":390}
{"_e":"metro:bundling:progress","_t":1781360880670,"id":"6","progress":0,"total":1,"current":0}
{"_e":"metro:bundling:started","_t":1781360880670,"id":"7","platform":"web","environment":"node","entry":"node_modules\\expo\\node_modules\\@expo\\cli\\node_modules\\@expo\\router-server\\node\\render.js"}
{"_e":"metro:bundling:progress","_t":1781360880671,"id":"4","progress":0.4723438016528925,"total":575,"current":390}
{"_e":"metro:bundling:progress","_t":1781360880671,"id":"6","progress":0,"total":1,"current":0}
{"_e":"metro:bundling:progress","_t":1781360880671,"id":"7","progress":0,"total":1,"current":0}
{"_e":"metro:bundling:progress","_t":1781360880684,"id":"4","progress":0.4723438016528925,"total":575,"current":390}
{"_e":"metro:bundling:progress","_t":1781360880684,"id":"6","progress":0,"total":1,"current":0}
{"_e":"metro:bundling:progress","_t":1781360880684,"id":"7","progress":0,"total":1,"current":0}
{"_e":"metro:bundling:progress","_t":1781360881096,"id":"4","progress":0.4723438016528925,"total":575,"current":390}
{"_e":"metro:bundling:progress","_t":1781360881096,"id":"6","progress":0,"total":1,"current":0}
{"_e":"metro:bundling:progress","_t":1781360881097,"id":"7","progress":0,"total":1,"current":0}
{"_e":"metro:bundling:progress","_t":1781360881099,"id":"4","progress":0.4863546313799621,"total":575,"current":401}
{"_e":"metro:bundling:progress","_t":1781360881099,"id":"6","progress":0,"total":1,"current":0}
{"_e":"metro:bundling:progress","_t":1781360881099,"id":"7","progress":0,"total":1,"current":0}
{"_e":"metro:bundling:progress","_t":1781360881248,"id":"4","progress":0.49411915606981244,"total":579,"current":407}
{"_e":"metro:bundling:progress","_t":1781360881248,"id":"6","progress":0,"total":1,"current":0}
{"_e":"metro:bundling:progress","_t":1781360881248,"id":"7","progress":0,"total":1,"current":0}
{"_e":"metro:bundling:progress","_t":1781360881356,"id":"4","progress":0.49411915606981244,"total":591,"current":408}
{"_e":"metro:bundling:progress","_t":1781360881356,"id":"6","progress":0,"total":1,"current":0}
{"_e":"metro:bundling:progress","_t":1781360881356,"id":"7","progress":0,"total":1,"current":0}
{"_e":"metro:bundling:progress","_t":1781360881493,"id":"4","progress":0.49411915606981244,"total":591,"current":408}
{"_e":"metro:bundling:progress","_t":1781360881493,"id":"6","progress":0,"total":1,"current":0}
{"_e":"metro:bundling:progress","_t":1781360881493,"id":"7","progress":0,"total":1,"current":0}
{"_e":"metro:bundling:progress","_t":1781360881633,"id":"4","progress":0.49411915606981244,"total":591,"current":408}
{"_e":"metro:bundling:progress","_t":1781360881633,"id":"6","progress":0,"total":1,"current":0}
{"_e":"metro:bundling:progress","_t":1781360881633,"id":"7","progress":0,"total":1,"current":0}
{"_e":"metro:bundling:progress","_t":1781360881733,"id":"4","progress":0.49411915606981244,"total":591,"current":408}
{"_e":"metro:bundling:progress","_t":1781360881733,"id":"6","progress":0,"total":1,"current":0}
{"_e":"metro:bundling:progress","_t":1781360881733,"id":"7","progress":0,"total":1,"current":0}
{"_e":"metro:bundling:progress","_t":1781360881833,"id":"4","progress":0.49411915606981244,"total":591,"current":408}
{"_e":"metro:bundling:progress","_t":1781360881833,"id":"6","progress":0,"total":1,"current":0}
{"_e":"metro:bundling:progress","_t":1781360881833,"id":"7","progress":0,"total":1,"current":0}
{"_e":"metro:bundling:progress","_t":1781360881933,"id":"4","progress":0.49411915606981244,"total":591,"current":408}
{"_e":"metro:bundling:progress","_t":1781360881934,"id":"6","progress":0,"total":1,"current":0}
{"_e":"metro:bundling:progress","_t":1781360881934,"id":"7","progress":0,"total":1,"current":0}
{"_e":"metro:bundling:progress","_t":1781360882034,"id":"4","progress":0.49411915606981244,"total":591,"current":408}
{"_e":"metro:bundling:progress","_t":1781360882034,"id":"6","progress":0,"total":1,"current":0}
{"_e":"metro:bundling:progress","_t":1781360882034,"id":"7","progress":0,"total":1,"current":0}
{"_e":"metro:bundling:progress","_t":1781360882133,"id":"4","progress":0.49411915606981244,"total":591,"current":408}
{"_e":"metro:bundling:progress","_t":1781360882133,"id":"6","progress":0,"total":1,"current":0}
{"_e":"metro:bundling:progress","_t":1781360882133,"id":"7","progress":0,"total":1,"current":0}
{"_e":"metro:bundling:progress","_t":1781360882233,"id":"4","progress":0.49411915606981244,"total":591,"current":408}
{"_e":"metro:bundling:progress","_t":1781360882233,"id":"6","progress":0,"total":1,"current":0}
{"_e":"metro:bundling:progress","_t":1781360882233,"id":"7","progress":0,"total":1,"current":0}
{"_e":"metro:bundling:progress","_t":1781360882335,"id":"4","progress":0.49411915606981244,"total":591,"current":408}
{"_e":"metro:bundling:progress","_t":1781360882335,"id":"6","progress":0,"total":1,"current":0}
{"_e":"metro:bundling:progress","_t":1781360882336,"id":"7","progress":0,"total":1,"current":0}
{"_e":"metro:bundling:progress","_t":1781360882436,"id":"4","progress":0.49411915606981244,"total":591,"current":408}
{"_e":"metro:bundling:progress","_t":1781360882436,"id":"6","progress":0,"total":1,"current":0}
{"_e":"metro:bundling:progress","_t":1781360882436,"id":"7","progress":0,"total":1,"current":0}
{"_e":"metro:bundling:progress","_t":1781360882536,"id":"4","progress":0.49411915606981244,"total":591,"current":408}
{"_e":"metro:bundling:progress","_t":1781360882537,"id":"6","progress":0,"total":1,"current":0}
{"_e":"metro:bundling:progress","_t":1781360882538,"id":"7","progress":0,"total":1,"current":0}
{"_e":"metro:bundling:progress","_t":1781360882636,"id":"4","progress":0.49411915606981244,"total":591,"current":408}
{"_e":"metro:bundling:progress","_t":1781360882636,"id":"6","progress":0,"total":1,"current":0}
{"_e":"metro:bundling:progress","_t":1781360882636,"id":"7","progress":0,"total":1,"current":0}
{"_e":"metro:bundling:progress","_t":1781360882737,"id":"4","progress":0.49411915606981244,"total":591,"current":408}
{"_e":"metro:bundling:progress","_t":1781360882738,"id":"6","progress":0,"total":1,"current":0}
{"_e":"metro:bundling:progress","_t":1781360882738,"id":"7","progress":0,"total":1,"current":0}
{"_e":"metro:bundling:progress","_t":1781360882843,"id":"4","progress":0.49411915606981244,"total":591,"current":408}
{"_e":"metro:bundling:progress","_t":1781360882843,"id":"6","progress":0,"total":1,"current":0}
{"_e":"metro:bundling:progress","_t":1781360882843,"id":"7","progress":0,"total":1,"current":0}
{"_e":"metro:bundling:progress","_t":1781360882943,"id":"4","progress":0.49411915606981244,"total":591,"current":408}
{"_e":"metro:bundling:progress","_t":1781360882944,"id":"6","progress":0,"total":1,"current":0}
{"_e":"metro:bundling:progress","_t":1781360882944,"id":"7","progress":0,"total":1,"current":0}
{"_e":"metro:bundling:progress","_t":1781360883043,"id":"4","progress":0.49411915606981244,"total":591,"current":408}
{"_e":"metro:bundling:progress","_t":1781360883043,"id":"6","progress":0,"total":1,"current":0}
{"_e":"metro:bundling:progress","_t":1781360883043,"id":"7","progress":0,"total":1,"current":0}
{"_e":"metro:bundling:progress","_t":1781360883144,"id":"4","progress":0.49411915606981244,"total":591,"current":408}
{"_e":"metro:bundling:progress","_t":1781360883144,"id":"6","progress":0,"total":1,"current":0}
{"_e":"metro:bundling:progress","_t":1781360883144,"id":"7","progress":0,"total":1,"current":0}
{"_e":"metro:bundling:progress","_t":1781360883248,"id":"4","progress":0.49411915606981244,"total":591,"current":408}
{"_e":"metro:bundling:progress","_t":1781360883248,"id":"6","progress":0,"total":1,"current":0}
{"_e":"metro:bundling:progress","_t":1781360883248,"id":"7","progress":0,"total":1,"current":0}
{"_e":"metro:bundling:progress","_t":1781360883350,"id":"4","progress":0.49411915606981244,"total":591,"current":408}
{"_e":"metro:bundling:progress","_t":1781360883350,"id":"6","progress":0,"total":1,"current":0}
{"_e":"metro:bundling:progress","_t":1781360883350,"id":"7","progress":0,"total":1,"current":0}
{"_e":"metro:bundling:progress","_t":1781360883450,"id":"4","progress":0.49411915606981244,"total":591,"current":408}
{"_e":"metro:bundling:progress","_t":1781360883450,"id":"6","progress":0,"total":1,"current":0}
{"_e":"metro:bundling:progress","_t":1781360883450,"id":"7","progress":0,"total":1,"current":0}
{"_e":"metro:bundling:progress","_t":1781360883553,"id":"4","progress":0.49411915606981244,"total":591,"current":408}
{"_e":"metro:bundling:progress","_t":1781360883553,"id":"6","progress":0,"total":1,"current":0}
{"_e":"metro:bundling:progress","_t":1781360883553,"id":"7","progress":0,"total":1,"current":0}
{"_e":"metro:bundling:progress","_t":1781360883658,"id":"4","progress":0.49411915606981244,"total":591,"current":408}
{"_e":"metro:bundling:progress","_t":1781360883658,"id":"6","progress":0,"total":1,"current":0}
{"_e":"metro:bundling:progress","_t":1781360883658,"id":"7","progress":0,"total":1,"current":0}
{"_e":"metro:bundling:progress","_t":1781360883758,"id":"4","progress":0.49411915606981244,"total":591,"current":408}
{"_e":"metro:bundling:progress","_t":1781360883758,"id":"6","progress":0,"total":1,"current":0}
{"_e":"metro:bundling:progress","_t":1781360883758,"id":"7","progress":0,"total":1,"current":0}
{"_e":"metro:bundling:progress","_t":1781360883857,"id":"4","progress":0.49411915606981244,"total":591,"current":408}
{"_e":"metro:bundling:progress","_t":1781360883857,"id":"6","progress":0,"total":1,"current":0}
{"_e":"metro:bundling:progress","_t":1781360883857,"id":"7","progress":0,"total":1,"current":0}
{"_e":"metro:bundling:progress","_t":1781360883957,"id":"4","progress":0.49411915606981244,"total":591,"current":408}
{"_e":"metro:bundling:progress","_t":1781360883958,"id":"6","progress":0,"total":1,"current":0}
{"_e":"metro:bundling:progress","_t":1781360883958,"id":"7","progress":0,"total":1,"current":0}
{"_e":"metro:bundling:progress","_t":1781360884057,"id":"4","progress":0.49411915606981244,"total":591,"current":408}
{"_e":"metro:bundling:progress","_t":1781360884057,"id":"6","progress":0,"total":1,"current":0}
{"_e":"metro:bundling:progress","_t":1781360884058,"id":"7","progress":0,"total":1,"current":0}
{"_e":"metro:bundling:progress","_t":1781360884159,"id":"4","progress":0.5057324004747992,"total":592,"current":421}
{"_e":"metro:bundling:progress","_t":1781360884160,"id":"6","progress":0,"total":1,"current":0}
{"_e":"metro:bundling:progress","_t":1781360884160,"id":"7","progress":0,"total":1,"current":0}
{"_e":"metro:bundling:progress","_t":1781360884459,"id":"4","progress":0.5105488723520817,"total":592,"current":423}
{"_e":"metro:bundling:progress","_t":1781360884459,"id":"6","progress":0,"total":1,"current":0}
{"_e":"metro:bundling:progress","_t":1781360884459,"id":"7","progress":0,"total":1,"current":0}
{"_e":"metro:bundling:progress","_t":1781360884560,"id":"4","progress":0.5105488723520817,"total":592,"current":423}
{"_e":"metro:bundling:progress","_t":1781360884560,"id":"6","progress":0,"total":1,"current":0}
{"_e":"metro:bundling:progress","_t":1781360884560,"id":"7","progress":0,"total":1,"current":0}
{"_e":"metro:bundling:progress","_t":1781360884659,"id":"4","progress":0.5105488723520817,"total":592,"current":423}
{"_e":"metro:bundling:progress","_t":1781360884659,"id":"6","progress":0,"total":1,"current":0}
{"_e":"metro:bundling:progress","_t":1781360884659,"id":"7","progress":0,"total":1,"current":0}
{"_e":"metro:bundling:progress","_t":1781360884759,"id":"4","progress":0.5105488723520817,"total":592,"current":423}
{"_e":"metro:bundling:progress","_t":1781360884759,"id":"6","progress":0,"total":1,"current":0}
{"_e":"metro:bundling:progress","_t":1781360884759,"id":"7","progress":0,"total":1,"current":0}
{"_e":"metro:bundling:progress","_t":1781360884922,"id":"4","progress":0.5105488723520817,"total":592,"current":423}
{"_e":"metro:bundling:progress","_t":1781360884922,"id":"6","progress":0,"total":1,"current":0}
{"_e":"metro:bundling:progress","_t":1781360884922,"id":"7","progress":0,"total":1,"current":0}
{"_e":"metro:bundling:progress","_t":1781360885127,"id":"4","progress":0.5105488723520817,"total":592,"current":423}
{"_e":"metro:bundling:progress","_t":1781360885127,"id":"6","progress":0,"total":1,"current":0}
{"_e":"metro:bundling:progress","_t":1781360885127,"id":"7","progress":0,"total":1,"current":0}
{"_e":"metro:bundling:progress","_t":1781360885228,"id":"4","progress":0.5105488723520817,"total":592,"current":423}
{"_e":"metro:bundling:progress","_t":1781360885228,"id":"6","progress":0,"total":1,"current":0}
{"_e":"metro:bundling:progress","_t":1781360885228,"id":"7","progress":0,"total":1,"current":0}
{"_e":"metro:bundling:done","_t":1781360885319,"id":"7","total":1,"ms":4634.0081}
{"_e":"metro:bundling:progress","_t":1781360885319,"id":"4","progress":0.5105488723520817,"total":592,"current":423}
{"_e":"metro:bundling:progress","_t":1781360885319,"id":"6","progress":0,"total":1,"current":0}
{"_e":"metro:bundling:progress","_t":1781360885391,"id":"4","progress":0.5232111111111112,"total":600,"current":434}
{"_e":"metro:bundling:progress","_t":1781360885391,"id":"6","progress":0,"total":1,"current":0}
{"_e":"metro:bundling:progress","_t":1781360885653,"id":"4","progress":0.5453628159626039,"total":608,"current":449}
{"_e":"metro:bundling:progress","_t":1781360885653,"id":"6","progress":0,"total":1,"current":0}
{"_e":"metro:bundling:progress","_t":1781360885654,"id":"4","progress":0.5477947541551247,"total":608,"current":450}
{"_e":"metro:bundling:progress","_t":1781360885654,"id":"6","progress":0,"total":1,"current":0}
{"_e":"metro:bundling:done","_t":1781360885672,"id":"6","total":1,"ms":5002.3009}
{"_e":"metro:bundling:progress","_t":1781360885672,"id":"4","progress":0.5477947541551247,"total":608,"current":450}
{"_e":"metro:bundling:started","_t":1781360885725,"id":"8","platform":"web","environment":null,"entry":"node_modules\\expo-router\\entry.js"}
{"_e":"metro:bundling:progress","_t":1781360885725,"id":"4","progress":0.5477947541551247,"total":608,"current":450}
{"_e":"metro:bundling:progress","_t":1781360885725,"id":"8","progress":0,"total":1,"current":0}
{"_e":"metro:bundling:progress","_t":1781360885754,"id":"4","progress":0.6071850227694384,"total":616,"current":480}
{"_e":"metro:bundling:progress","_t":1781360885754,"id":"8","progress":0,"total":1,"current":0}
{"_e":"metro:bundling:progress","_t":1781360885855,"id":"4","progress":0.621116987656157,"total":656,"current":517}
{"_e":"metro:bundling:progress","_t":1781360885855,"id":"8","progress":0,"total":1,"current":0}
{"_e":"metro:bundling:progress","_t":1781360885960,"id":"4","progress":0.7052012432970265,"total":674,"current":566}
{"_e":"metro:bundling:progress","_t":1781360885960,"id":"8","progress":0,"total":1,"current":0}
{"_e":"metro:bundling:progress","_t":1781360886064,"id":"4","progress":0.7597074487027905,"total":701,"current":611}
{"_e":"metro:bundling:progress","_t":1781360886064,"id":"8","progress":0,"total":1,"current":0}
{"_e":"metro:bundling:progress","_t":1781360886165,"id":"4","progress":0.777990210524046,"total":746,"current":658}
{"_e":"metro:bundling:progress","_t":1781360886165,"id":"8","progress":0,"total":1,"current":0}
{"_e":"metro:bundling:progress","_t":1781360886265,"id":"4","progress":0.777990210524046,"total":814,"current":714}
{"_e":"metro:bundling:progress","_t":1781360886265,"id":"8","progress":0,"total":1,"current":0}
{"_e":"metro:bundling:progress","_t":1781360886365,"id":"4","progress":0.8264462809917354,"total":847,"current":770}
{"_e":"metro:bundling:progress","_t":1781360886365,"id":"8","progress":0,"total":1,"current":0}
{"_e":"metro:bundling:progress","_t":1781360886469,"id":"4","progress":0.84656804486979,"total":876,"current":806}
{"_e":"metro:bundling:progress","_t":1781360886469,"id":"8","progress":0,"total":1,"current":0}
{"_e":"metro:bundling:progress","_t":1781360886579,"id":"4","progress":0.8514256198347108,"total":880,"current":812}
{"_e":"metro:bundling:progress","_t":1781360886580,"id":"8","progress":0,"total":1,"current":0}
{"_e":"metro:bundling:progress","_t":1781360886690,"id":"4","progress":0.8571846989016538,"total":890,"current":824}
{"_e":"metro:bundling:progress","_t":1781360886691,"id":"8","progress":0,"total":1,"current":0}
{"_e":"metro:bundling:progress","_t":1781360886790,"id":"4","progress":0.8827160106790529,"total":893,"current":839}
{"_e":"metro:bundling:progress","_t":1781360886790,"id":"8","progress":0,"total":1,"current":0}
{"_e":"metro:bundling:progress","_t":1781360886890,"id":"4","progress":0.8897588594916362,"total":899,"current":848}
{"_e":"metro:bundling:progress","_t":1781360886890,"id":"8","progress":0,"total":1,"current":0}
{"_e":"metro:bundling:progress","_t":1781360886990,"id":"4","progress":0.9175176129910866,"total":902,"current":864}
{"_e":"metro:bundling:progress","_t":1781360886990,"id":"8","progress":0,"total":1,"current":0}
{"_e":"metro:bundling:progress","_t":1781360887095,"id":"4","progress":0.932665059064131,"total":905,"current":874}
{"_e":"metro:bundling:progress","_t":1781360887095,"id":"8","progress":0,"total":1,"current":0}
{"_e":"metro:bundling:progress","_t":1781360887196,"id":"4","progress":0.932665059064131,"total":940,"current":889}
{"_e":"metro:bundling:progress","_t":1781360887198,"id":"8","progress":0,"total":1,"current":0}
{"_e":"metro:bundling:progress","_t":1781360887301,"id":"4","progress":0.932665059064131,"total":941,"current":898}
{"_e":"metro:bundling:progress","_t":1781360887301,"id":"8","progress":0,"total":1,"current":0}
{"_e":"metro:bundling:progress","_t":1781360887406,"id":"4","progress":0.932665059064131,"total":942,"current":906}
{"_e":"metro:bundling:progress","_t":1781360887407,"id":"8","progress":0,"total":1,"current":0}
{"_e":"metro:bundling:progress","_t":1781360887508,"id":"4","progress":0.9376455856263709,"total":947,"current":917}
{"_e":"metro:bundling:progress","_t":1781360887509,"id":"8","progress":0,"total":1,"current":0}
{"_e":"metro:bundling:progress","_t":1781360887614,"id":"4","progress":0.948060941828255,"total":950,"current":925}
{"_e":"metro:bundling:progress","_t":1781360887614,"id":"8","progress":0,"total":1,"current":0}
{"_e":"metro:bundling:progress","_t":1781360887713,"id":"4","progress":0.96456770835061,"total":951,"current":934}
{"_e":"metro:bundling:progress","_t":1781360887713,"id":"8","progress":0,"total":1,"current":0}
{"_e":"metro:bundling:progress","_t":1781360887814,"id":"4","progress":0.96456770835061,"total":963,"current":941}
{"_e":"metro:bundling:progress","_t":1781360887814,"id":"8","progress":0,"total":1,"current":0}
{"_e":"metro:bundling:progress","_t":1781360887914,"id":"4","progress":0.9793819968321297,"total":965,"current":955}
{"_e":"metro:bundling:progress","_t":1781360887914,"id":"8","progress":0,"total":1,"current":0}
{"_e":"metro:bundling:progress","_t":1781360888013,"id":"4","progress":0.997928534994228,"total":965,"current":964}
{"_e":"metro:bundling:progress","_t":1781360888013,"id":"8","progress":0,"total":1,"current":0}
{"_e":"metro:bundling:done","_t":1781360888190,"id":"4","total":965,"ms":12146.6565}
{"_e":"metro:bundling:progress","_t":1781360888190,"id":"8","progress":0,"total":1,"current":0}
{"_e":"metro:bundling:done","_t":1781360888235,"id":"8","total":1,"ms":2510.2999}
{"_e":"metro:client_log","_t":1781360888797,"level":"info","data":["%cDownload the React DevTools for a better development experience: https://react.dev/link/react-devtools","font-weight:bold"]}
{"_e":"metro:client_log","_t":1781360888798,"level":"log","data":["Running application \"main\" with appParams:\n","{\"hydrate\": undefined, \"rootTag\": \"#root\"}","\nDevelopment-level warnings: ON.\nPerformance optimizations: OFF."]}
{"_e":"metro:client_log","_t":1781360888810,"level":"warn","data":["\"shadow*\" style props are deprecated. Use \"boxShadow\"."]}
{"_e":"metro:client_log","_t":1781360888905,"level":"warn","data":["props.pointerEvents is deprecated. Use style.pointerEvents"]}
{"_e":"metro:client_log","_t":1781360889081,"level":"warn","data":["Animated: `useNativeDriver` is not supported because the native animated module is missing. Falling back to JS-based animation. To resolve this, add `RCTAnimation` module to this app, or remove `useNativeDriver`. Make sure to run `bundle exec pod install` first. Read more about autolinking: https://github.com/react-native-community/cli/blob/master/docs/autolinking.md"]}
{"_e":"metro:client_log","_t":1781360892779,"level":"info","data":["%cDownload the React DevTools for a better development experience: https://react.dev/link/react-devtools","font-weight:bold"]}
{"_e":"metro:client_log","_t":1781360892780,"level":"log","data":["Running application \"main\" with appParams:\n","{\"hydrate\": undefined, \"rootTag\": \"#root\"}","\nDevelopment-level warnings: ON.\nPerformance optimizations: OFF."]}
{"_e":"metro:client_log","_t":1781360892829,"level":"warn","data":["\"shadow*\" style props are deprecated. Use \"boxShadow\"."]}
{"_e":"metro:client_log","_t":1781360893741,"level":"warn","data":["props.pointerEvents is deprecated. Use style.pointerEvents"]}
{"_e":"metro:client_log","_t":1781360894019,"level":"warn","data":["Animated: `useNativeDriver` is not supported because the native animated module is missing. Falling back to JS-based animation. To resolve this, add `RCTAnimation` module to this app, or remove `useNativeDriver`. Make sure to run `bundle exec pod install` first. Read more about autolinking: https://github.com/react-native-community/cli/blob/master/docs/autolinking.md"]}
{"_e":"metro:bundling:started","_t":1781361093090,"id":"c","platform":"web","environment":null,"entry":"node_modules\\expo-router\\entry.js"}
{"_e":"metro:bundling:progress","_t":1781361093090,"id":"c","progress":0,"total":1,"current":0}
{"_e":"metro:bundling:started","_t":1781361093091,"id":"d","platform":"web","environment":"node","entry":"node_modules\\expo\\node_modules\\@expo\\cli\\node_modules\\@expo\\router-server\\node\\render.js"}
{"_e":"metro:bundling:progress","_t":1781361093091,"id":"c","progress":0,"total":1,"current":0}
{"_e":"metro:bundling:progress","_t":1781361093091,"id":"d","progress":0,"total":1,"current":0}
{"_e":"metro:bundling:done","_t":1781361093225,"id":"d","total":1,"ms":133.9802}
{"_e":"metro:bundling:progress","_t":1781361093225,"id":"c","progress":0,"total":1,"current":0}
{"_e":"metro:bundling:done","_t":1781361094641,"id":"c","total":1,"ms":1550.2605}
{"_e":"metro:bundling:started","_t":1781361094685,"id":"e","platform":"web","environment":null,"entry":"node_modules\\expo-router\\entry.js"}
{"_e":"metro:bundling:progress","_t":1781361094685,"id":"e","progress":0,"total":1,"current":0}
{"_e":"metro:bundling:done","_t":1781361094811,"id":"e","total":1,"ms":126.0773}
{"_e":"metro:client_log","_t":1781361096257,"level":"info","data":["%cDownload the React DevTools for a better development experience: https://react.dev/link/react-devtools","font-weight:bold"]}
{"_e":"metro:client_log","_t":1781361096257,"level":"log","data":["Running application \"main\" with appParams:\n","{\"hydrate\": undefined, \"rootTag\": \"#root\"}","\nDevelopment-level warnings: ON.\nPerformance optimizations: OFF."]}
{"_e":"metro:client_log","_t":1781361096273,"level":"warn","data":["\"shadow*\" style props are deprecated. Use \"boxShadow\"."]}
{"_e":"metro:client_log","_t":1781361096331,"level":"warn","data":["props.pointerEvents is deprecated. Use style.pointerEvents"]}
{"_e":"metro:client_log","_t":1781361096366,"level":"warn","data":["Animated: `useNativeDriver` is not supported because the native animated module is missing. Falling back to JS-based animation. To resolve this, add `RCTAnimation` module to this app, or remove `useNativeDriver`. Make sure to run `bundle exec pod install` first. Read more about autolinking: https://github.com/react-native-community/cli/blob/master/docs/autolinking.md"]}
{"_e":"metro:bundling:started","_t":1781361194932,"id":"g","platform":"web","environment":null,"entry":"node_modules\\expo-router\\entry.js"}
{"_e":"metro:bundling:progress","_t":1781361194932,"id":"g","progress":0,"total":1,"current":0}
{"_e":"metro:bundling:started","_t":1781361194933,"id":"h","platform":"web","environment":"node","entry":"node_modules\\expo\\node_modules\\@expo\\cli\\node_modules\\@expo\\router-server\\node\\render.js"}
{"_e":"metro:bundling:progress","_t":1781361194933,"id":"g","progress":0,"total":1,"current":0}
{"_e":"metro:bundling:progress","_t":1781361194933,"id":"h","progress":0,"total":1,"current":0}
{"_e":"metro:bundling:done","_t":1781361195036,"id":"h","total":1,"ms":103.2641}
{"_e":"metro:bundling:progress","_t":1781361195036,"id":"g","progress":0,"total":1,"current":0}
{"_e":"metro:bundling:done","_t":1781361195874,"id":"g","total":1,"ms":941.5036}
{"_e":"metro:bundling:started","_t":1781361195934,"id":"i","platform":"web","environment":null,"entry":"node_modules\\expo-router\\entry.js"}
{"_e":"metro:bundling:progress","_t":1781361195934,"id":"i","progress":0,"total":1,"current":0}
{"_e":"metro:bundling:done","_t":1781361196054,"id":"i","total":1,"ms":120.3204}
{"_e":"metro:client_log","_t":1781361197689,"level":"info","data":["%cDownload the React DevTools for a better development experience: https://react.dev/link/react-devtools","font-weight:bold"]}
{"_e":"metro:client_log","_t":1781361197689,"level":"log","data":["Running application \"main\" with appParams:\n","{\"hydrate\": undefined, \"rootTag\": \"#root\"}","\nDevelopment-level warnings: ON.\nPerformance optimizations: OFF."]}
{"_e":"metro:client_log","_t":1781361197709,"level":"warn","data":["\"shadow*\" style props are deprecated. Use \"boxShadow\"."]}
{"_e":"metro:client_log","_t":1781361197808,"level":"warn","data":["props.pointerEvents is deprecated. Use style.pointerEvents"]}
{"_e":"metro:client_log","_t":1781361197954,"level":"warn","data":["Animated: `useNativeDriver` is not supported because the native animated module is missing. Falling back to JS-based animation. To resolve this, add `RCTAnimation` module to this app, or remove `useNativeDriver`. Make sure to run `bundle exec pod install` first. Read more about autolinking: https://github.com/react-native-community/cli/blob/master/docs/autolinking.md"]}
